<?xml version="1.0" encoding="UTF-8"?>
<testsuites name="TestSuites-RECORD" time="93.111" tests="4" failures="0" skips="0" errors="0">
   <testsuite name="TestSuites-RECORD" tests="4" failures="0" errors="0" time="93.111" skips="0" timestamp="2021-05-24 22:34:44" hostname="arieh - ARIE-HUTAJULU" id="Test Suites/TestSuites-RECORD">
      <properties>
         <property name="deviceName" value="Xiaomi POCOPHONE F1 (Android 10)"/>
         <property name="devicePlatform" value=""/>
         <property name="logFolder" value="C:\\Users\\arieh\\Katalon Studio\\Calculator\\Reports\\20210524_223435\\TestSuites-RECORD\\20210524_223435"/>
         <property name="logFiles" value="C:\\Users\\arieh\\Katalon Studio\\Calculator\\Reports\\20210524_223435\\TestSuites-RECORD\\20210524_223435\\appium.log, C:\\Users\\arieh\\Katalon Studio\\Calculator\\Reports\\20210524_223435\\TestSuites-RECORD\\20210524_223435\\execution0.log"/>
         <property name="attachments" value=""/>
         <property name="hostName" value="arieh - ARIE-HUTAJULU"/>
         <property name="os" value="Windows 10 64bit"/>
         <property name="appiumServerStatus" value="{&quot;value&quot;:{&quot;build&quot;:{&quot;version&quot;:&quot;1.21.0&quot;}},&quot;sessionId&quot;:null,&quot;status&quot;:0}"/>
         <property name="katalonVersion" value="7.9.1.208"/>
         <property name="deviceOS" value="Android"/>
         <property name="appiumVersion" value="1.21.0"/>
         <property name="deviceModel" value="POCOPHONE F1"/>
         <property name="hostAddress" value="192.168.7.105"/>
         <property name="deviceManufacturer" value="Xiaomi"/>
         <property name="deviceId" value="b6f012db"/>
         <property name="deviceName" value="Xiaomi POCOPHONE F1 (Android 10)"/>
         <property name="deviceOSVersion" value="10"/>
      </properties>
      <testcase name="Test Cases/Record Mobile/penjumlahan rec" time="29.878" classname="Test Cases/Record Mobile/penjumlahan rec" status="PASSED">
         <system-out><![CDATA[2021-05-24 22:34:45 - [TEST_CASE][PASSED] - Test Cases/Record Mobile/penjumlahan rec: Test Cases/Record Mobile/penjumlahan rec

2021-05-24 22:34:45 - [TEST_STEP][PASSED] - startApplication("C:\Users\arieh\Downloads\Calculator_v7.8 (271241277)_apkpure.com.apk", true): Started app at: 'C:\Users\arieh\Downloads\Calculator_v7.8 (271241277)_apkpure.com.apk'

2021-05-24 22:34:47 - [MESSAGE][INFO] - Appium server started on port 56,500

2021-05-24 22:35:08 - [MESSAGE][INFO] - Failed to get OS statusbar's information using default method.

2021-05-24 22:35:08 - [MESSAGE][PASSED] - Started app at: 'C:\Users\arieh\Downloads\Calculator_v7.8 (271241277)_apkpure.com.apk'

2021-05-24 22:35:08 - [TEST_STEP][PASSED] - tap(findTestObject("Objek Record/android.widget.Button - 2"), 0): Tapped on element 'Object Repository/Objek Record/android.widget.Button - 2'

2021-05-24 22:35:08 - [MESSAGE][WARNING] - Timeout '0' is invalid. Using default page load timeout: '30'

2021-05-24 22:35:10 - [MESSAGE][PASSED] - Tapped on element 'Object Repository/Objek Record/android.widget.Button - 2'

2021-05-24 22:35:10 - [TEST_STEP][PASSED] - tap(findTestObject("Objek Record/android.widget.Button - "), 0): Tapped on element 'Object Repository/Objek Record/android.widget.Button - '

2021-05-24 22:35:10 - [MESSAGE][WARNING] - Timeout '0' is invalid. Using default page load timeout: '30'

2021-05-24 22:35:11 - [MESSAGE][PASSED] - Tapped on element 'Object Repository/Objek Record/android.widget.Button - '

2021-05-24 22:35:11 - [TEST_STEP][PASSED] - tap(findTestObject("Objek Record/android.widget.Button - 8"), 0): Tapped on element 'Object Repository/Objek Record/android.widget.Button - 8'

2021-05-24 22:35:11 - [MESSAGE][WARNING] - Timeout '0' is invalid. Using default page load timeout: '30'

2021-05-24 22:35:12 - [MESSAGE][PASSED] - Tapped on element 'Object Repository/Objek Record/android.widget.Button - 8'

2021-05-24 22:35:12 - [TEST_STEP][PASSED] - tap(findTestObject("Objek Record/android.widget.Button -  (3)"), 0): Tapped on element 'Object Repository/Objek Record/android.widget.Button -  (3)'

2021-05-24 22:35:12 - [MESSAGE][WARNING] - Timeout '0' is invalid. Using default page load timeout: '30'

2021-05-24 22:35:12 - [MESSAGE][PASSED] - Tapped on element 'Object Repository/Objek Record/android.widget.Button -  (3)'

2021-05-24 22:35:12 - [TEST_STEP][PASSED] - getText(findTestObject("Object Repository/Objek Record/android.widget.TextView - 10"), 0): Text of element 'Object Repository/Objek Record/android.widget.TextView - 10' is: '10'

2021-05-24 22:35:12 - [MESSAGE][WARNING] - Timeout '0' is invalid. Using default page load timeout: '30'

2021-05-24 22:35:13 - [MESSAGE][PASSED] - Text of element 'Object Repository/Objek Record/android.widget.TextView - 10' is: '10'

2021-05-24 22:35:13 - [TEST_STEP][PASSED] - closeApplication(): Close app successfully

2021-05-24 22:35:15 - [MESSAGE][PASSED] - Close app successfully]]></system-out>
         <system-err><![CDATA[]]></system-err>
      </testcase>
      <testcase name="Test Cases/Record Mobile/pengurangan rec" time="21.498" classname="Test Cases/Record Mobile/pengurangan rec" status="PASSED">
         <system-out><![CDATA[2021-05-24 22:35:15 - [TEST_CASE][PASSED] - Test Cases/Record Mobile/pengurangan rec: Test Cases/Record Mobile/pengurangan rec

2021-05-24 22:35:15 - [TEST_STEP][PASSED] - startApplication("C:\Users\arieh\Downloads\Calculator_v7.8 (271241277)_apkpure.com.apk", true): Started app at: 'C:\Users\arieh\Downloads\Calculator_v7.8 (271241277)_apkpure.com.apk'

2021-05-24 22:35:16 - [MESSAGE][INFO] - Appium server started on port 56,690

2021-05-24 22:35:30 - [MESSAGE][INFO] - Failed to get OS statusbar's information using default method.

2021-05-24 22:35:30 - [MESSAGE][PASSED] - Started app at: 'C:\Users\arieh\Downloads\Calculator_v7.8 (271241277)_apkpure.com.apk'

2021-05-24 22:35:30 - [TEST_STEP][PASSED] - tap(findTestObject("Object Repository/Objek Record/android.widget.Button - 9"), 0): Tapped on element 'Object Repository/Objek Record/android.widget.Button - 9'

2021-05-24 22:35:30 - [MESSAGE][WARNING] - Timeout '0' is invalid. Using default page load timeout: '30'

2021-05-24 22:35:31 - [MESSAGE][PASSED] - Tapped on element 'Object Repository/Objek Record/android.widget.Button - 9'

2021-05-24 22:35:31 - [TEST_STEP][PASSED] - tap(findTestObject("Object Repository/Objek Record/android.widget.Button -  (2)"), 0): Tapped on element 'Object Repository/Objek Record/android.widget.Button -  (2)'

2021-05-24 22:35:31 - [MESSAGE][WARNING] - Timeout '0' is invalid. Using default page load timeout: '30'

2021-05-24 22:35:32 - [MESSAGE][PASSED] - Tapped on element 'Object Repository/Objek Record/android.widget.Button -  (2)'

2021-05-24 22:35:32 - [TEST_STEP][PASSED] - tap(findTestObject("Object Repository/Objek Record/android.widget.Button - 8 (1)"), 0): Tapped on element 'Object Repository/Objek Record/android.widget.Button - 8 (1)'

2021-05-24 22:35:32 - [MESSAGE][WARNING] - Timeout '0' is invalid. Using default page load timeout: '30'

2021-05-24 22:35:33 - [MESSAGE][PASSED] - Tapped on element 'Object Repository/Objek Record/android.widget.Button - 8 (1)'

2021-05-24 22:35:33 - [TEST_STEP][PASSED] - tap(findTestObject("Object Repository/Objek Record/android.widget.Button -  (3)"), 0): Tapped on element 'Object Repository/Objek Record/android.widget.Button -  (3)'

2021-05-24 22:35:33 - [MESSAGE][WARNING] - Timeout '0' is invalid. Using default page load timeout: '30'

2021-05-24 22:35:33 - [MESSAGE][PASSED] - Tapped on element 'Object Repository/Objek Record/android.widget.Button -  (3)'

2021-05-24 22:35:33 - [TEST_STEP][PASSED] - getText(findTestObject("Object Repository/Objek Record/android.widget.TextView - 1"), 0): Text of element 'Object Repository/Objek Record/android.widget.TextView - 1' is: '1'

2021-05-24 22:35:34 - [MESSAGE][WARNING] - Timeout '0' is invalid. Using default page load timeout: '30'

2021-05-24 22:35:35 - [MESSAGE][PASSED] - Text of element 'Object Repository/Objek Record/android.widget.TextView - 1' is: '1'

2021-05-24 22:35:35 - [TEST_STEP][PASSED] - closeApplication(): Close app successfully

2021-05-24 22:35:36 - [MESSAGE][PASSED] - Close app successfully]]></system-out>
         <system-err><![CDATA[]]></system-err>
      </testcase>
      <testcase name="Test Cases/Record Mobile/perkalian rec" time="21.245" classname="Test Cases/Record Mobile/perkalian rec" status="PASSED">
         <system-out><![CDATA[2021-05-24 22:35:36 - [TEST_CASE][PASSED] - Test Cases/Record Mobile/perkalian rec: Test Cases/Record Mobile/perkalian rec

2021-05-24 22:35:37 - [TEST_STEP][PASSED] - startApplication("C:\Users\arieh\Downloads\Calculator_v7.8 (271241277)_apkpure.com.apk", true): Started app at: 'C:\Users\arieh\Downloads\Calculator_v7.8 (271241277)_apkpure.com.apk'

2021-05-24 22:35:38 - [MESSAGE][INFO] - Appium server started on port 56,881

2021-05-24 22:35:50 - [MESSAGE][INFO] - Failed to get OS statusbar's information using default method.

2021-05-24 22:35:50 - [MESSAGE][PASSED] - Started app at: 'C:\Users\arieh\Downloads\Calculator_v7.8 (271241277)_apkpure.com.apk'

2021-05-24 22:35:50 - [TEST_STEP][PASSED] - tap(findTestObject("Object Repository/Objek Record/android.widget.Button - 6"), 0): Tapped on element 'Object Repository/Objek Record/android.widget.Button - 6'

2021-05-24 22:35:50 - [MESSAGE][WARNING] - Timeout '0' is invalid. Using default page load timeout: '30'

2021-05-24 22:35:52 - [MESSAGE][PASSED] - Tapped on element 'Object Repository/Objek Record/android.widget.Button - 6'

2021-05-24 22:35:52 - [TEST_STEP][PASSED] - tap(findTestObject("Object Repository/Objek Record/android.widget.Button -  (4)"), 0): Tapped on element 'Object Repository/Objek Record/android.widget.Button -  (4)'

2021-05-24 22:35:52 - [MESSAGE][WARNING] - Timeout '0' is invalid. Using default page load timeout: '30'

2021-05-24 22:35:53 - [MESSAGE][PASSED] - Tapped on element 'Object Repository/Objek Record/android.widget.Button -  (4)'

2021-05-24 22:35:53 - [TEST_STEP][PASSED] - tap(findTestObject("Object Repository/Objek Record/android.widget.Button - 5"), 0): Tapped on element 'Object Repository/Objek Record/android.widget.Button - 5'

2021-05-24 22:35:53 - [MESSAGE][WARNING] - Timeout '0' is invalid. Using default page load timeout: '30'

2021-05-24 22:35:54 - [MESSAGE][PASSED] - Tapped on element 'Object Repository/Objek Record/android.widget.Button - 5'

2021-05-24 22:35:54 - [TEST_STEP][PASSED] - tap(findTestObject("Object Repository/Objek Record/android.widget.Button -  (5)"), 0): Tapped on element 'Object Repository/Objek Record/android.widget.Button -  (5)'

2021-05-24 22:35:54 - [MESSAGE][WARNING] - Timeout '0' is invalid. Using default page load timeout: '30'

2021-05-24 22:35:55 - [MESSAGE][PASSED] - Tapped on element 'Object Repository/Objek Record/android.widget.Button -  (5)'

2021-05-24 22:35:55 - [TEST_STEP][PASSED] - getText(findTestObject("Object Repository/Objek Record/android.widget.TextView - 30"), 0): Text of element 'Object Repository/Objek Record/android.widget.TextView - 30' is: '30'

2021-05-24 22:35:55 - [MESSAGE][WARNING] - Timeout '0' is invalid. Using default page load timeout: '30'

2021-05-24 22:35:56 - [MESSAGE][PASSED] - Text of element 'Object Repository/Objek Record/android.widget.TextView - 30' is: '30'

2021-05-24 22:35:56 - [TEST_STEP][PASSED] - closeApplication(): Close app successfully

2021-05-24 22:35:57 - [MESSAGE][PASSED] - Close app successfully]]></system-out>
         <system-err><![CDATA[]]></system-err>
      </testcase>
      <testcase name="Test Cases/Record Mobile/pembagian rec" time="19.158" classname="Test Cases/Record Mobile/pembagian rec" status="PASSED">
         <system-out><![CDATA[2021-05-24 22:35:57 - [TEST_CASE][PASSED] - Test Cases/Record Mobile/pembagian rec: Test Cases/Record Mobile/pembagian rec

2021-05-24 22:35:58 - [TEST_STEP][PASSED] - startApplication("C:\Users\arieh\Downloads\Calculator_v7.8 (271241277)_apkpure.com.apk", true): Started app at: 'C:\Users\arieh\Downloads\Calculator_v7.8 (271241277)_apkpure.com.apk'

2021-05-24 22:35:59 - [MESSAGE][INFO] - Appium server started on port 57,072

2021-05-24 22:36:10 - [MESSAGE][INFO] - Failed to get OS statusbar's information using default method.

2021-05-24 22:36:10 - [MESSAGE][PASSED] - Started app at: 'C:\Users\arieh\Downloads\Calculator_v7.8 (271241277)_apkpure.com.apk'

2021-05-24 22:36:10 - [TEST_STEP][PASSED] - tap(findTestObject("Object Repository/Objek Record/android.widget.Button - 9 (1)"), 0): Tapped on element 'Object Repository/Objek Record/android.widget.Button - 9 (1)'

2021-05-24 22:36:11 - [MESSAGE][WARNING] - Timeout '0' is invalid. Using default page load timeout: '30'

2021-05-24 22:36:12 - [MESSAGE][PASSED] - Tapped on element 'Object Repository/Objek Record/android.widget.Button - 9 (1)'

2021-05-24 22:36:12 - [TEST_STEP][PASSED] - tap(findTestObject("Object Repository/Objek Record/android.widget.Button -  (6)"), 0): Tapped on element 'Object Repository/Objek Record/android.widget.Button -  (6)'

2021-05-24 22:36:12 - [MESSAGE][WARNING] - Timeout '0' is invalid. Using default page load timeout: '30'

2021-05-24 22:36:13 - [MESSAGE][PASSED] - Tapped on element 'Object Repository/Objek Record/android.widget.Button -  (6)'

2021-05-24 22:36:13 - [TEST_STEP][PASSED] - tap(findTestObject("Object Repository/Objek Record/android.widget.Button - 3"), 0): Tapped on element 'Object Repository/Objek Record/android.widget.Button - 3'

2021-05-24 22:36:13 - [MESSAGE][WARNING] - Timeout '0' is invalid. Using default page load timeout: '30'

2021-05-24 22:36:13 - [MESSAGE][PASSED] - Tapped on element 'Object Repository/Objek Record/android.widget.Button - 3'

2021-05-24 22:36:13 - [TEST_STEP][PASSED] - tap(findTestObject("Object Repository/Objek Record/android.widget.Button -  (7)"), 0): Tapped on element 'Object Repository/Objek Record/android.widget.Button -  (7)'

2021-05-24 22:36:13 - [MESSAGE][WARNING] - Timeout '0' is invalid. Using default page load timeout: '30'

2021-05-24 22:36:14 - [MESSAGE][PASSED] - Tapped on element 'Object Repository/Objek Record/android.widget.Button -  (7)'

2021-05-24 22:36:14 - [TEST_STEP][PASSED] - getText(findTestObject("Object Repository/Objek Record/android.widget.TextView - 3"), 0): Text of element 'Object Repository/Objek Record/android.widget.TextView - 3' is: '3'

2021-05-24 22:36:14 - [MESSAGE][WARNING] - Timeout '0' is invalid. Using default page load timeout: '30'

2021-05-24 22:36:15 - [MESSAGE][PASSED] - Text of element 'Object Repository/Objek Record/android.widget.TextView - 3' is: '3'

2021-05-24 22:36:15 - [TEST_STEP][PASSED] - closeApplication(): Close app successfully

2021-05-24 22:36:17 - [MESSAGE][PASSED] - Close app successfully]]></system-out>
         <system-err><![CDATA[]]></system-err>
      </testcase>
      <system-out><![CDATA[2021-05-24 22:34:44 - [TEST_SUITE][PASSED] - TestSuites-RECORD: Test Cases/Record Mobile/pembagian rec]]></system-out>
      <system-err><![CDATA[]]></system-err>
   </testsuite>
</testsuites>
